<?xml version="1.0" encoding="UTF-8"?>
<testsuite xmlns:xsi="http://www.w3.org/2001/XMLSchema-instance" xsi:noNamespaceSchemaLocation="https://maven.apache.org/surefire/maven-surefire-plugin/xsd/surefire-test-report-3.0.xsd" version="3.0" name="com.example.productos.controller.ProductoControllerIntegrationTest" time="6.867" tests="5" errors="0" skipped="0" failures="0">
  <properties>
[...]
</properties>
  <testcase name="testListarProductos" classname="com.example.productos.controller.ProductoControllerIntegrationTest" time="0.886">
    <system-out><![CDATA[20:11:15.753 [main] INFO org.springframework.test.context.support.AnnotationConfigContextLoaderUtils -- Could not detect default configuration classes for test class [com.example.productos.controller.ProductoControllerIntegrationTest]: ProductoControllerIntegrationTest does not declare any static, non-private, non-final, nested classes annotated with @Configuration.
20:11:15.916 [main] INFO org.springframework.boot.test.context.SpringBootTestContextBootstrapper -- Found @SpringBootConfiguration com.example.productos.Application for test class com.example.productos.controller.ProductoControllerIntegrationTest

  .   ____          _            __ _ _
 /\\ / ___'_ __ _ _(_)_ __  __ _ \ \ \ \
( ( )\___ | '_ | '_| | '_ \/ _` | \ \ \ \
 \\/  ___)| |_)| | | | | || (_| |  ) ) ) )
  '  |____| .__|_| |_|_| |_\__, | / / / /
 =========|_|==============|___/=/_/_/_/

 :: Spring Boot ::                (v3.3.2)

2025-09-06T20:11:16.453-05:00  INFO 12028 --- [           main] .e.p.c.ProductoControllerIntegrationTest : Starting ProductoControllerIntegrationTest using Java 21.0.6 with PID 12028 (started by MARIANA in C:\Ingenieria\workspaceSpring\Lenguaje Avanzado\spring-boot-integration-tests)
2025-09-06T20:11:16.455-05:00  INFO 12028 --- [           main] .e.p.c.ProductoControllerIntegrationTest : No active profile set, falling back to 1 default profile: "default"
2025-09-06T20:11:17.297-05:00  INFO 12028 --- [           main] .s.d.r.c.RepositoryConfigurationDelegate : Bootstrapping Spring Data JPA repositories in DEFAULT mode.
2025-09-06T20:11:17.372-05:00  INFO 12028 --- [           main] .s.d.r.c.RepositoryConfigurationDelegate : Finished Spring Data repository scanning in 65 ms. Found 1 JPA repository interface.
2025-09-06T20:11:17.988-05:00  INFO 12028 --- [           main] o.hibernate.jpa.internal.util.LogHelper  : HHH000204: Processing PersistenceUnitInfo [name: default]
2025-09-06T20:11:18.083-05:00  INFO 12028 --- [           main] org.hibernate.Version                    : HHH000412: Hibernate ORM core version 6.5.2.Final
2025-09-06T20:11:18.134-05:00  INFO 12028 --- [           main] o.h.c.internal.RegionFactoryInitiator    : HHH000026: Second-level cache disabled
2025-09-06T20:11:18.549-05:00  INFO 12028 --- [           main] o.s.o.j.p.SpringPersistenceUnitInfo      : No LoadTimeWeaver setup: ignoring JPA class transformer
2025-09-06T20:11:18.592-05:00  INFO 12028 --- [           main] com.zaxxer.hikari.HikariDataSource       : HikariPool-1 - Starting...
2025-09-06T20:11:18.811-05:00  INFO 12028 --- [           main] com.zaxxer.hikari.pool.HikariPool        : HikariPool-1 - Added connection conn0: url=jdbc:h2:mem:prodapp user=SA
2025-09-06T20:11:18.814-05:00  INFO 12028 --- [           main] com.zaxxer.hikari.HikariDataSource       : HikariPool-1 - Start completed.
2025-09-06T20:11:19.715-05:00  INFO 12028 --- [           main] o.h.e.t.j.p.i.JtaPlatformInitiator       : HHH000489: No JTA platform available (set 'hibernate.transaction.jta.platform' to enable JTA platform integration)
2025-09-06T20:11:19.777-05:00  INFO 12028 --- [           main] j.LocalContainerEntityManagerFactoryBean : Initialized JPA EntityManagerFactory for persistence unit 'default'
2025-09-06T20:11:20.488-05:00  WARN 12028 --- [           main] JpaBaseConfiguration$JpaWebConfiguration : spring.jpa.open-in-view is enabled by default. Therefore, database queries may be performed during view rendering. Explicitly configure spring.jpa.open-in-view to disable this warning
2025-09-06T20:11:20.962-05:00  INFO 12028 --- [           main] o.s.b.a.h2.H2ConsoleAutoConfiguration    : H2 console available at '/h2-console'. Database available at 'jdbc:h2:mem:prodapp'
2025-09-06T20:11:21.077-05:00  INFO 12028 --- [           main] o.s.b.t.m.w.SpringBootMockServletContext : Initializing Spring TestDispatcherServlet ''
2025-09-06T20:11:21.078-05:00  INFO 12028 --- [           main] o.s.t.web.servlet.TestDispatcherServlet  : Initializing Servlet ''
2025-09-06T20:11:21.080-05:00  INFO 12028 --- [           main] o.s.t.web.servlet.TestDispatcherServlet  : Completed initialization in 1 ms
2025-09-06T20:11:21.105-05:00  INFO 12028 --- [           main] .e.p.c.ProductoControllerIntegrationTest : Started ProductoControllerIntegrationTest in 4.972 seconds (process running for 6.239)
]]></system-out>
    <system-err><![CDATA[WARNING: A Java agent has been loaded dynamically (C:\Users\MARIANA\.m2\repository\net\bytebuddy\byte-buddy-agent\1.14.18\byte-buddy-agent-1.14.18.jar)
WARNING: If a serviceability tool is in use, please run with -XX:+EnableDynamicAgentLoading to hide this warning
WARNING: If a serviceability tool is not in use, please run with -Djdk.instrument.traceUsage for more information
WARNING: Dynamic loading of agents will be disallowed by default in a future release
]]></system-err>
  </testcase>
  <testcase name="testBuscarProductoPorId" classname="com.example.productos.controller.ProductoControllerIntegrationTest" time="0.029"/>
  <testcase name="testBuscarProductoNoExistente" classname="com.example.productos.controller.ProductoControllerIntegrationTest" time="0.013"/>
  <testcase name="testCrearProducto" classname="com.example.productos.controller.ProductoControllerIntegrationTest" time="0.05"/>
  <testcase name="testEliminarProducto" classname="com.example.productos.controller.ProductoControllerIntegrationTest" time="0.292"/>
</testsuite>