<?xml version="1.0" encoding="UTF-8"?>
<testsuite xmlns:xsi="http://www.w3.org/2001/XMLSchema-instance" xsi:noNamespaceSchemaLocation="https://maven.apache.org/surefire/maven-surefire-plugin/xsd/surefire-test-report-3.0.xsd" version="3.0" name="com.example.productos.repository.ProductoRepositoryTest" time="0.515" tests="5" errors="0" skipped="0" failures="0">
  <properties>
[...]
</properties>
  <testcase name="eliminarProducto" classname="com.example.productos.repository.ProductoRepositoryTest" time="0.077">
    <system-out><![CDATA[2025-09-06T20:11:22.418-05:00  INFO 12028 --- [           main] t.c.s.AnnotationConfigContextLoaderUtils : Could not detect default configuration classes for test class [com.example.productos.repository.ProductoRepositoryTest]: ProductoRepositoryTest does not declare any static, non-private, non-final, nested classes annotated with @Configuration.
2025-09-06T20:11:22.461-05:00  INFO 12028 --- [           main] .b.t.c.SpringBootTestContextBootstrapper : Found @SpringBootConfiguration com.example.productos.Application for test class com.example.productos.repository.ProductoRepositoryTest

  .   ____          _            __ _ _
 /\\ / ___'_ __ _ _(_)_ __  __ _ \ \ \ \
( ( )\___ | '_ | '_| | '_ \/ _` | \ \ \ \
 \\/  ___)| |_)| | | | | || (_| |  ) ) ) )
  '  |____| .__|_| |_|_| |_\__, | / / / /
 =========|_|==============|___/=/_/_/_/

 :: Spring Boot ::                (v3.3.2)

2025-09-06T20:11:22.504-05:00  INFO 12028 --- [           main] c.e.p.repository.ProductoRepositoryTest  : Starting ProductoRepositoryTest using Java 21.0.6 with PID 12028 (started by MARIANA in C:\Ingenieria\workspaceSpring\Lenguaje Avanzado\spring-boot-integration-tests)
2025-09-06T20:11:22.505-05:00  INFO 12028 --- [           main] c.e.p.repository.ProductoRepositoryTest  : No active profile set, falling back to 1 default profile: "default"
2025-09-06T20:11:22.600-05:00  INFO 12028 --- [           main] .s.d.r.c.RepositoryConfigurationDelegate : Bootstrapping Spring Data JPA repositories in DEFAULT mode.
2025-09-06T20:11:22.610-05:00  INFO 12028 --- [           main] .s.d.r.c.RepositoryConfigurationDelegate : Finished Spring Data repository scanning in 10 ms. Found 1 JPA repository interface.
2025-09-06T20:11:22.626-05:00  INFO 12028 --- [           main] beddedDataSourceBeanFactoryPostProcessor : Replacing 'dataSource' DataSource bean with embedded version
2025-09-06T20:11:22.652-05:00  INFO 12028 --- [           main] o.s.j.d.e.EmbeddedDatabaseFactory        : Starting embedded database: url='jdbc:h2:mem:601f13ba-aaf7-4a97-85d8-82747e2ba271;DB_CLOSE_DELAY=-1;DB_CLOSE_ON_EXIT=false', username='sa'
2025-09-06T20:11:22.677-05:00  INFO 12028 --- [           main] o.hibernate.jpa.internal.util.LogHelper  : HHH000204: Processing PersistenceUnitInfo [name: default]
2025-09-06T20:11:22.682-05:00  INFO 12028 --- [           main] o.h.c.internal.RegionFactoryInitiator    : HHH000026: Second-level cache disabled
2025-09-06T20:11:22.694-05:00  INFO 12028 --- [           main] o.s.o.j.p.SpringPersistenceUnitInfo      : No LoadTimeWeaver setup: ignoring JPA class transformer
2025-09-06T20:11:22.739-05:00  INFO 12028 --- [           main] o.h.e.t.j.p.i.JtaPlatformInitiator       : HHH000489: No JTA platform available (set 'hibernate.transaction.jta.platform' to enable JTA platform integration)
Hibernate: create table producto (id bigint generated by default as identity, nombre varchar(255) not null, precio numeric(12,2) not null, stock integer not null, primary key (id))
Hibernate: alter table if exists producto drop constraint if exists UK9su14n91mtgcg5ehl658v4afx
Hibernate: alter table if exists producto add constraint UK9su14n91mtgcg5ehl658v4afx unique (nombre)
2025-09-06T20:11:22.743-05:00  INFO 12028 --- [           main] j.LocalContainerEntityManagerFactoryBean : Initialized JPA EntityManagerFactory for persistence unit 'default'
2025-09-06T20:11:22.800-05:00  INFO 12028 --- [           main] c.e.p.repository.ProductoRepositoryTest  : Started ProductoRepositoryTest in 0.335 seconds (process running for 7.935)
Hibernate: insert into producto (nombre,precio,stock,id) values (?,?,?,default)
]]></system-out>
  </testcase>
  <testcase name="listarAll" classname="com.example.productos.repository.ProductoRepositoryTest" time="0.013">
    <system-out><![CDATA[Hibernate: select p1_0.id,p1_0.nombre,p1_0.precio,p1_0.stock from producto p1_0
]]></system-out>
  </testcase>
  <testcase name="guardarYBuscarPorId" classname="com.example.productos.repository.ProductoRepositoryTest" time="0.013">
    <system-out><![CDATA[Hibernate: insert into producto (nombre,precio,stock,id) values (?,?,?,default)
]]></system-out>
  </testcase>
  <testcase name="listarById" classname="com.example.productos.repository.ProductoRepositoryTest" time="0.009">
    <system-out><![CDATA[Hibernate: select p1_0.id,p1_0.nombre,p1_0.precio,p1_0.stock from producto p1_0 where p1_0.nombre=?
]]></system-out>
  </testcase>
  <testcase name="editarYBuscarPorId" classname="com.example.productos.repository.ProductoRepositoryTest" time="0.007">
    <system-out><![CDATA[Hibernate: insert into producto (nombre,precio,stock,id) values (?,?,?,default)
]]></system-out>
  </testcase>
</testsuite>